<?xml version="1.0" encoding="UTF-8"?>
<!-- Generated by org.testng.reporters.JUnitXMLReporter -->
<testsuite ignored="0" hostname="DESKTOP-30GL0O0" failures="1" tests="3" name="Test Basics 2" time="11.635" errors="0" timestamp="2023-12-15T14:55:09 EST">
  <testcase classname="com.qa.tests.HomePageTest" name="verifyHomePageTitle" time="0.062"/>
  <testcase classname="com.qa.tests.HomePageTest" name="verifyHomeTabDisplay" time="0.247">
    <failure type="java.lang.AssertionError" message="expected [true] but found [true]">
      <![CDATA[java.lang.AssertionError: expected [true] but found [true]
at com.qa.tests.HomePageTest.verifyHomeTabDisplay(HomePageTest.java:26)
at java.base/java.util.ArrayList.forEach(ArrayList.java:1541)
... Removed 32 stack frames]]>
    </failure>
  </testcase> <!-- verifyHomeTabDisplay -->
  <testcase classname="com.qa.tests.HomePageTest" name="verifyUserLoginName" time="0.117"/>
</testsuite> <!-- Test Basics 2 -->
